TN:
SF:src/App.tsx
FN:1,(empty-report)
FNF:1
FNH:0
FNDA:0,(empty-report)
DA:1,0
DA:2,0
DA:3,0
DA:5,0
DA:7,0
DA:8,0
DA:9,0
DA:10,0
DA:11,0
DA:12,0
DA:13,0
DA:15,0
DA:16,0
DA:18,0
DA:20,0
DA:24,0
DA:25,0
DA:26,0
DA:27,0
DA:28,0
DA:29,0
DA:30,0
DA:31,0
DA:32,0
DA:33,0
DA:34,0
DA:35,0
DA:36,0
DA:37,0
DA:38,0
DA:39,0
DA:40,0
DA:41,0
DA:43,0
DA:44,0
DA:45,0
DA:46,0
DA:47,0
DA:48,0
DA:49,0
DA:50,0
DA:52,0
DA:53,0
DA:54,0
DA:55,0
DA:56,0
DA:57,0
DA:59,0
DA:61,0
DA:62,0
DA:63,0
DA:64,0
DA:65,0
DA:66,0
DA:68,0
DA:70,0
LF:56
LH:0
BRDA:1,0,0,0
BRF:1
BRH:0
end_of_record
TN:
SF:src/components/HomePage/HomePage.tsx
FN:10,HomePage
FN:13,toggleMenu
FNF:2
FNH:2
FNDA:12,HomePage
FNDA:5,toggleMenu
DA:1,1
DA:3,1
DA:10,1
DA:11,12
DA:13,12
DA:14,5
DA:15,5
DA:17,12
DA:18,12
DA:20,12
DA:21,12
DA:22,12
DA:23,12
DA:24,12
DA:25,12
DA:27,12
DA:28,12
DA:29,12
DA:30,12
DA:33,12
DA:34,4
DA:35,4
DA:36,4
DA:37,4
DA:38,4
DA:39,4
DA:40,4
DA:41,4
DA:42,4
DA:43,4
DA:44,4
DA:45,4
DA:46,4
DA:48,4
DA:49,4
DA:50,4
DA:51,4
DA:53,12
DA:56,12
DA:57,12
DA:58,12
DA:59,12
DA:61,12
DA:62,12
DA:63,12
DA:64,12
DA:65,12
DA:67,12
DA:69,1
LF:49
LH:49
BRDA:10,0,0,12
BRDA:33,1,0,4
BRDA:38,2,0,3
BRDA:38,3,0,1
BRDA:13,4,0,5
BRF:5
BRH:5
end_of_record
TN:
SF:src/components/HomePage/index.ts
FN:1,(empty-report)
FNF:1
FNH:0
FNDA:0,(empty-report)
DA:1,0
LF:1
LH:0
BRDA:1,0,0,0
BRF:1
BRH:0
end_of_record
TN:
SF:src/components/LoginForm/LoginForm.tsx
FN:5,LoginForm
FN:17,onFormSubmit
FN:155,onClick
FNF:3
FNH:3
FNDA:36,LoginForm
FNDA:3,onFormSubmit
FNDA:1,onClick
DA:1,1
DA:3,1
DA:5,1
DA:6,36
DA:7,36
DA:8,36
DA:9,36
DA:10,36
DA:11,36
DA:12,36
DA:13,36
DA:14,36
DA:15,36
DA:17,36
DA:18,3
DA:19,3
DA:20,3
DA:22,1
DA:23,1
DA:24,3
DA:26,36
DA:27,36
DA:28,36
DA:29,36
DA:30,36
DA:31,36
DA:32,36
DA:34,36
DA:37,36
DA:38,36
DA:40,36
DA:41,36
DA:42,36
DA:43,36
DA:44,36
DA:45,36
DA:46,36
DA:47,36
DA:48,36
DA:49,36
DA:50,36
DA:51,36
DA:53,36
DA:54,36
DA:56,36
DA:57,36
DA:58,36
DA:59,36
DA:60,36
DA:61,36
DA:62,36
DA:63,36
DA:64,36
DA:65,36
DA:66,36
DA:68,36
DA:69,36
DA:70,36
DA:72,36
DA:73,0
DA:74,0
DA:75,0
DA:76,0
DA:77,0
DA:78,0
DA:80,0
DA:81,0
DA:83,36
DA:86,36
DA:87,36
DA:89,36
DA:90,36
DA:91,36
DA:92,36
DA:93,36
DA:94,36
DA:95,36
DA:96,36
DA:97,36
DA:98,36
DA:99,36
DA:100,36
DA:101,36
DA:102,36
DA:103,36
DA:104,36
DA:105,36
DA:106,36
DA:107,4
DA:108,4
DA:109,4
DA:110,4
DA:111,4
DA:112,4
DA:114,4
DA:115,4
DA:117,36
DA:120,36
DA:121,2
DA:122,2
DA:123,2
DA:124,2
DA:125,2
DA:127,2
DA:128,2
DA:132,36
DA:133,36
DA:134,36
DA:135,36
DA:136,36
DA:137,36
DA:139,36
DA:140,2
DA:141,2
DA:142,2
DA:143,2
DA:145,34
DA:147,36
DA:150,36
DA:151,36
DA:152,36
DA:153,36
DA:154,36
DA:155,36
DA:157,1
DA:158,1
DA:159,36
DA:161,36
DA:162,36
DA:163,36
DA:164,36
DA:166,36
DA:168,1
LF:133
LH:125
BRDA:5,0,0,36
BRDA:49,1,0,0
BRDA:64,2,0,0
BRDA:72,3,0,0
BRDA:100,4,0,4
BRDA:100,5,0,32
BRDA:103,6,0,4
BRDA:103,7,0,32
BRDA:106,8,0,4
BRDA:120,9,0,2
BRDA:137,10,0,2
BRDA:137,11,0,34
BRDA:139,12,0,2
BRDA:143,13,0,34
BRDA:17,14,0,3
BRDA:19,15,0,2
BRDA:20,16,0,1
BRDA:155,17,0,1
BRF:18
BRH:15
end_of_record
TN:
SF:src/components/LoginForm/index.ts
FN:1,(empty-report)
FNF:1
FNH:0
FNDA:0,(empty-report)
DA:1,0
LF:1
LH:0
BRDA:1,0,0,0
BRF:1
BRH:0
end_of_record
TN:
SF:src/types/auth.ts
FN:1,(empty-report)
FNF:1
FNH:1
FNDA:1,(empty-report)
LF:0
LH:0
BRDA:1,0,0,1
BRF:1
BRH:1
end_of_record
